<?xml version="1.0" encoding="UTF-8"?>
<!-- Generated by org.testng.reporters.JUnitReportReporter -->
<testsuite skipped="0" hostname="Aleksa-PC" name="domaci16_03_2020.Zadatak2" tests="1" failures="0" timestamp="16 мар 2020 18:08:21 GMT" time="0.766" errors="0">
  <testcase name="pageLoadTest" time="0.766" classname="domaci16_03_2020.Zadatak2"/>
</testsuite> <!-- domaci16_03_2020.Zadatak2 -->
