<?xml version="1.0" encoding="UTF-8"?>
<!-- Generated by org.testng.reporters.JUnitReportReporter -->
<testsuite skipped="0" hostname="Aleksa-PC" name="domaci13_03_2020.Zadatak3" tests="1" failures="0" timestamp="15 мар 2020 18:41:53 GMT" time="6.669" errors="0">
  <testcase name="deletecookieTest" time="6.669" classname="domaci13_03_2020.Zadatak3"/>
</testsuite> <!-- domaci13_03_2020.Zadatak3 -->
