<?xml version="1.0" encoding="UTF-8"?>
<!-- Generated by org.testng.reporters.JUnitReportReporter -->
<testsuite skipped="0" hostname="Aleksa-PC" name="test.HomeEnterTest" tests="1" failures="0" timestamp="30 мар 2020 19:14:43 GMT" time="0.715" errors="0">
  <testcase name="enterTheStoreTest" time="0.715" classname="test.HomeEnterTest"/>
</testsuite> <!-- test.HomeEnterTest -->
