<?xml version="1.0" encoding="UTF-8"?>
<!-- Generated by org.testng.reporters.JUnitReportReporter -->
<testsuite skipped="0" hostname="Aleksa-PC" name="domaci16_03_2020.Zadatak3" tests="1" failures="0" timestamp="16 мар 2020 20:27:43 GMT" time="34.063" errors="0">
  <testcase name="pageLoadTest" time="34.063" classname="domaci16_03_2020.Zadatak3"/>
</testsuite> <!-- domaci16_03_2020.Zadatak3 -->
