<?xml version="1.0" encoding="UTF-8"?>
<!-- Generated by org.testng.reporters.JUnitReportReporter -->
<testsuite skipped="0" hostname="Aleksa-PC" name="test.ListTest" tests="1" failures="0" timestamp="17 мар 2020 19:26:55 GMT" time="18.474" errors="0">
  <testcase name="listTest" time="18.474" classname="test.ListTest"/>
</testsuite> <!-- test.ListTest -->
