<?xml version="1.0" encoding="UTF-8"?>
<!-- Generated by org.testng.reporters.JUnitReportReporter -->
<testsuite skipped="0" hostname="Aleksa-PC" name="test.RegistrationTest" tests="1" failures="0" timestamp="30 мар 2020 19:14:43 GMT" time="116.029" errors="0">
  <testcase name="userRegistrationTest" time="116.029" classname="test.RegistrationTest"/>
</testsuite> <!-- test.RegistrationTest -->
