<?xml version="1.0" encoding="UTF-8"?>
<!-- Generated by org.testng.reporters.JUnitReportReporter -->
<testsuite skipped="0" hostname="Aleksa-PC" name="domaci16_03_2020.Zadatak1" tests="1" failures="0" timestamp="16 мар 2020 17:57:39 GMT" time="1.355" errors="0">
  <testcase name="pageLoadTest" time="1.355" classname="domaci16_03_2020.Zadatak1"/>
</testsuite> <!-- domaci16_03_2020.Zadatak1 -->
