<?xml version="1.0" encoding="UTF-8"?>
<!-- Generated by org.testng.reporters.JUnitReportReporter -->
<testsuite skipped="0" hostname="Aleksa-PC" name="test.SignInTest" tests="2" failures="0" timestamp="30 мар 2020 19:14:43 GMT" time="28.505" errors="0">
  <testcase name="registerNowTest" time="0.751" classname="test.SignInTest"/>
  <testcase name="signInTest" time="27.754" classname="test.SignInTest"/>
</testsuite> <!-- test.SignInTest -->
