<?xml version="1.0" encoding="UTF-8"?>
<!-- Generated by org.testng.reporters.JUnitReportReporter -->
<testsuite skipped="0" hostname="Aleksa-PC" name="domaci13_03_2020.Zadatak1" tests="1" failures="0" timestamp="15 мар 2020 17:49:49 GMT" time="1.370" errors="0">
  <testcase name="messageTest" time="1.370" classname="domaci13_03_2020.Zadatak1"/>
</testsuite> <!-- domaci13_03_2020.Zadatak1 -->
