<?xml version="1.0" encoding="UTF-8"?>
<!-- Generated by org.testng.reporters.JUnitReportReporter -->
<testsuite skipped="0" hostname="Aleksa-PC" name="domaci13_03_2020.Zadatak2" tests="1" failures="0" timestamp="15 мар 2020 18:31:03 GMT" time="17.439" errors="0">
  <testcase name="orderTest" time="17.439" classname="domaci13_03_2020.Zadatak2"/>
</testsuite> <!-- domaci13_03_2020.Zadatak2 -->
