<?xml version="1.0" encoding="UTF-8"?>
<!-- Generated by org.testng.reporters.JUnitReportReporter -->
<testsuite skipped="0" hostname="Aleksa-PC" name="test.CartTest" tests="3" failures="0" timestamp="30 мар 2020 19:14:43 GMT" time="11.787" errors="0">
  <testcase name="addingItemsToCartTest" time="5.168" classname="test.CartTest"/>
  <testcase name="TotalPriceTest" time="3.390" classname="test.CartTest"/>
  <testcase name="deleteCookiesCartTest" time="3.229" classname="test.CartTest"/>
</testsuite> <!-- test.CartTest -->
