<?xml version="1.0" encoding="UTF-8"?>
<!-- Generated by org.testng.reporters.JUnitReportReporter -->
<testsuite skipped="0" hostname="Aleksa-PC" name="test.LoginTest" tests="1" failures="0" timestamp="17 мар 2020 16:22:58 GMT" time="18.220" errors="0">
  <testcase name="loginTest" time="18.220" classname="test.LoginTest"/>
</testsuite> <!-- test.LoginTest -->
