<?xml version="1.0" encoding="UTF-8"?>
<!-- Generated by org.testng.reporters.JUnitReportReporter -->
<testsuite skipped="0" hostname="Aleksa-PC" name="test.PetStoreMenuTest" tests="3" failures="0" timestamp="30 мар 2020 19:14:43 GMT" time="7.553" errors="0">
  <testcase name="petStoreMenuStatusTest" time="2.553" classname="test.PetStoreMenuTest"/>
  <testcase name="signInBtnTest" time="0.340" classname="test.PetStoreMenuTest"/>
  <testcase name="petStoreMenuPathTest" time="4.660" classname="test.PetStoreMenuTest"/>
</testsuite> <!-- test.PetStoreMenuTest -->
