<?xml version="1.0" encoding="UTF-8"?>
<!-- Generated by org.testng.reporters.JUnitReportReporter -->
<testsuite skipped="0" hostname="Aleksa-PC" name="test.ListTest2" tests="1" failures="0" timestamp="17 мар 2020 19:56:02 GMT" time="99.349" errors="0">
  <testcase name="listTest" time="99.349" classname="test.ListTest2"/>
</testsuite> <!-- test.ListTest2 -->
